android/app/build/outputs/mapping/release/seeds.txt
in.dlrc.daily.twa.LauncherActivity
in.dlrc.daily.twa.Application: Application()
in.dlrc.daily.twa.DelegationService: DelegationService()
in.dlrc.daily.twa.DelegationService
in.dlrc.daily.twa.LauncherActivity: LauncherActivity()
in.dlrc.daily.twa.Application
...
androidx.core.app.CoreComponentFactory
com.google.androidbrowserhelper.trusted.WebViewFallbackActivity: WebViewFallbackActivity()
androidx.annotation.Keep
androidx.lifecycle.ReflectiveGenericLifecycleObserver
androidx.core.graphics.drawable.IconCompatParcelizer: void write(androidx.core.graphics.drawable.IconCompat,androidx.versionedparcelable.VersionedParcel)
androidx.core.app.RemoteActionCompatParcelizer
android.support.v4.graphics.drawable.IconCompatParcelizer
com.google.androidbrowserhelper.trusted.ManageDataLauncherActivity
androidx.core.graphics.drawable.IconCompat: IconCompat()
androidx.browser.browseractions.BrowserActionsFallbackMenuView
androidx.core.graphics.drawable.IconCompat
androidx.core.app.RemoteActionCompat: RemoteActionCompat()
androidx.lifecycle.FullLifecycleObserverAdapter
androidx.core.app.RemoteActionCompatParcelizer: void write(androidx.core.app.RemoteActionCompat,androidx.versionedparcelable.VersionedParcel)
com.google.androidbrowserhelper.trusted.WebViewFallbackActivity
androidx.core.content.FileProvider
androidx.core.app.CoreComponentFactory: CoreComponentFactory()
com.google.androidbrowserhelper.trusted.FocusActivity: FocusActivity()
com.google.androidbrowserhelper.trusted.DelegationService: DelegationService()
com.google.androidbrowserhelper.trusted.NotificationPermissionRequestActivity
com.google.androidbrowserhelper.trusted.LauncherActivity: LauncherActivity()
androidx.core.graphics.drawable.IconCompatParcelizer: IconCompatParcelizer()
android.support.v4.app.RemoteActionCompatParcelizer: RemoteActionCompatParcelizer()
androidx.core.app.RemoteActionCompatParcelizer: androidx.core.app.RemoteActionCompat read(androidx.versionedparcelable.VersionedParcel)
androidx.core.graphics.drawable.IconCompatParcelizer
androidx.versionedparcelable.ParcelImpl: android.os.Parcelable$Creator CREATOR
androidx.versionedparcelable.CustomVersionedParcelable: CustomVersionedParcelable()
androidx.browser.trusted.TrustedWebActivityService: TrustedWebActivityService()
androidx.browser.browseractions.BrowserActionsFallbackMenuView: BrowserActionsFallbackMenuView(android.content.Context,android.util.AttributeSet)
com.google.androidbrowserhelper.trusted.ManageDataLauncherActivity: ManageDataLauncherActivity()
android.support.v4.graphics.drawable.IconCompatParcelizer: androidx.core.graphics.drawable.IconCompat read(androidx.versionedparcelable.VersionedParcel)
androidx.core.app.RemoteActionCompatParcelizer: RemoteActionCompatParcelizer()
android.support.v4.app.RemoteActionCompatParcelizer
androidx.versionedparcelable.ParcelImpl
androidx.core.content.FileProvider: FileProvider()
androidx.versionedparcelable.CustomVersionedParcelable
com.google.androidbrowserhelper.trusted.FocusActivity
android.support.v4.app.RemoteActionCompatParcelizer: void write(androidx.core.app.RemoteActionCompat,androidx.versionedparcelable.VersionedParcel)
androidx.lifecycle.SingleGeneratedAdapterObserver
android.support.v4.app.RemoteActionCompatParcelizer: androidx.core.app.RemoteActionCompat read(androidx.versionedparcelable.VersionedParcel)
android.support.v4.graphics.drawable.IconCompatParcelizer: IconCompatParcelizer()
androidx.core.app.RemoteActionCompat
android.support.v4.graphics.drawable.IconCompatParcelizer: void write(androidx.core.graphics.drawable.IconCompat,androidx.versionedparcelable.VersionedParcel)
com.google.androidbrowserhelper.trusted.NotificationPermissionRequestActivity: NotificationPermissionRequestActivity()
androidx.core.graphics.drawable.IconCompatParcelizer: androidx.core.graphics.drawable.IconCompat read(androidx.versionedparcelable.VersionedParcel)
androidx.lifecycle.CompositeGeneratedAdaptersObserver