android/app/build/outputs/mapping/release/mapping.txt
# compiler: R8
# compiler_version: 2.1.86
# min_api: 19
# pg_map_id: cdb325b
# common_typos_disable
in.dlrc.daily.twa.LauncherActivity -> in.dlrc.daily.twa.LauncherActivity:
    android.net.Uri getLaunchingUrl() -> g
...
android.support.customtabs.trusted.ITrustedWebActivityService$Stub -> a.a.a.c.b$a:
androidx.browser.R$dimen -> b.a.a:
    int browser_actions_context_menu_min_padding -> b
    int browser_actions_context_menu_max_width -> a
androidx.browser.browseractions.BrowserActionsFallbackMenuView -> androidx.browser.browseractions.BrowserActionsFallbackMenuView:
    int mBrowserActionsMenuMaxWidthPx -> b
    int mBrowserActionsMenuMinPaddingPx -> a
androidx.browser.customtabs.CustomTabColorSchemeParams -> b.a.b.a:
    java.lang.Integer navigationBarColor -> c
    java.lang.Integer navigationBarDividerColor -> d
    java.lang.Integer toolbarColor -> a
    java.lang.Integer secondaryToolbarColor -> b
    androidx.browser.customtabs.CustomTabColorSchemeParams fromBundle(android.os.Bundle) -> a
    android.os.Bundle toBundle() -> b
    androidx.browser.customtabs.CustomTabColorSchemeParams withDefaults(androidx.browser.customtabs.CustomTabColorSchemeParams) -> c
androidx.browser.customtabs.CustomTabColorSchemeParams$Builder -> b.a.b.a$a:
    java.lang.Integer mNavigationBarColor -> c
    java.lang.Integer mNavigationBarDividerColor -> d
    java.lang.Integer mToolbarColor -> a
    java.lang.Integer mSecondaryToolbarColor -> b
    androidx.browser.customtabs.CustomTabColorSchemeParams build() -> a
    androidx.browser.customtabs.CustomTabColorSchemeParams$Builder setNavigationBarColor(int) -> b
    androidx.browser.customtabs.CustomTabColorSchemeParams$Builder setNavigationBarDividerColor(int) -> c
    androidx.browser.customtabs.CustomTabColorSchemeParams$Builder setToolbarColor(int) -> d
androidx.browser.customtabs.CustomTabsCallback -> b.a.b.b:
    void extraCallback(java.lang.String,android.os.Bundle) -> a
    android.os.Bundle extraCallbackWithResult(java.lang.String,android.os.Bundle) -> b
    void onMessageChannelReady(android.os.Bundle) -> c
    void onNavigationEvent(int,android.os.Bundle) -> d
    void onPostMessage(java.lang.String,android.os.Bundle) -> e
    void onRelationshipValidationResult(int,android.net.Uri,boolean,android.os.Bundle) -> f
androidx.browser.customtabs.CustomTabsClient -> b.a.b.c:
    android.content.ComponentName mServiceComponentName -> b
    android.content.Context mApplicationContext -> c
    android.support.customtabs.ICustomTabsService mService -> a
    boolean bindCustomTabsService(android.content.Context,java.lang.String,androidx.browser.customtabs.CustomTabsServiceConnection) -> a
    boolean bindCustomTabsServicePreservePriority(android.content.Context,java.lang.String,androidx.browser.customtabs.CustomTabsServiceConnection) -> b
    android.support.customtabs.ICustomTabsCallback$Stub createCallbackWrapper(androidx.browser.customtabs.CustomTabsCallback) -> c
    android.app.PendingIntent createSessionId(android.content.Context,int) -> d
    androidx.browser.customtabs.CustomTabsSession newSession(androidx.browser.customtabs.CustomTabsCallback) -> e
    androidx.browser.customtabs.CustomTabsSession newSession(androidx.browser.customtabs.CustomTabsCallback,int) -> f
    androidx.browser.customtabs.CustomTabsSession newSessionInternal(androidx.browser.customtabs.CustomTabsCallback,android.app.PendingIntent) -> g
    boolean warmup(long) -> h
androidx.browser.customtabs.CustomTabsClient$2 -> b.a.b.c$a:
    androidx.browser.customtabs.CustomTabsCallback val$callback -> b
    android.os.Handler mHandler -> a
    void onPostMessage(java.lang.String,android.os.Bundle) -> c
    void extraCallback(java.lang.String,android.os.Bundle) -> e
    void onMessageChannelReady(android.os.Bundle) -> f
    android.os.Bundle extraCallbackWithResult(java.lang.String,android.os.Bundle) -> l
    void onNavigationEvent(int,android.os.Bundle) -> m
    void onRelationshipValidationResult(int,android.net.Uri,boolean,android.os.Bundle) -> q