android/app/build/outputs/mapping/release/usage.txt
in.dlrc.daily.twa.R$style
in.dlrc.daily.twa.R
in.dlrc.daily.twa.R$dimen
in.dlrc.daily.twa.R$mipmap
in.dlrc.daily.twa.R$bool
in.dlrc.daily.twa.R$id
in.dlrc.daily.twa.R$attr
in.dlrc.daily.twa.R$color
in.dlrc.daily.twa.R$drawable
in.dlrc.daily.twa.BuildConfig
in.dlrc.daily.twa.R$styleable
in.dlrc.daily.twa.R$layout
in.dlrc.daily.twa.R$string
in.dlrc.daily.twa.R$integer
in.dlrc.daily.twa.R$xml
in.dlrc.daily.twa.R$raw
...
androidx.lifecycle.Lifecycle
android.support.customtabs.trusted.ITrustedWebActivityCallback$Stub$Proxy:
    public java.lang.String getInterfaceDescriptor()
    public void onExtraCallback(java.lang.String,android.os.Bundle)
    public static android.support.customtabs.trusted.ITrustedWebActivityCallback sDefaultImpl
androidx.core.app.JobIntentService$JobServiceEngineImpl$WrapperWorkItem
androidx.core.view.ViewPropertyAnimatorCompat$ViewPropertyAnimatorListenerApi14
androidx.core.app.NotificationCompatSideChannelService$NotificationSideChannelStub
androidx.versionedparcelable.VersionedParcelParcel:
    public void writeByteArray(byte[],int,int)
    public void writeLong(long)
    public void writeFloat(float)
    public void writeDouble(double)
    public void writeStrongBinder(android.os.IBinder)
    public void writeStrongInterface(android.os.IInterface)
    public void writeBundle(android.os.Bundle)
    public long readLong()
    public float readFloat()
    public double readDouble()
    public android.os.IBinder readStrongBinder()
    public android.os.Bundle readBundle()
    private static final boolean DEBUG
    private static final java.lang.String TAG
androidx.browser.trusted.TrustedWebActivityCallbackRemote:
    public void runExtraCallback(java.lang.String,android.os.Bundle)
androidx.browser.browseractions.BrowserActionsFallbackMenuUi$BrowserActionsFallMenuUiListener
androidx.core.widget.PopupMenuCompat
androidx.lifecycle.FullLifecycleObserver
androidx.lifecycle.R
androidx.core.app.RemoteInput$Builder
androidx.collection.ArrayMap:
    public void <init>(int)
    public void <init>(androidx.collection.SimpleArrayMap)
    public boolean containsAll(java.util.Collection)
    public boolean removeAll(java.util.Collection)
    public boolean retainAll(java.util.Collection)
androidx.lifecycle.LifecycleOwner
com.google.androidbrowserhelper.R$drawable:
    private void <init>()
    public static final int notification_action_background
    public static final int notification_bg
    public static final int notification_bg_low
    public static final int notification_bg_low_normal
    public static final int notification_bg_low_pressed
    public static final int notification_bg_normal
    public static final int notification_bg_normal_pressed
    public static final int notification_icon_background
    public static final int notification_template_icon_bg
    public static final int notification_template_icon_low_bg
    public static final int notification_tile_bg
    public static final int notify_panel_notification_icon_bg
android.support.customtabs.ICustomTabsService:
    public abstract boolean mayLaunchUrl(android.support.customtabs.ICustomTabsCallback,android.net.Uri,android.os.Bundle,java.util.List)
    public abstract android.os.Bundle extraCommand(java.lang.String,android.os.Bundle)
    public abstract boolean updateVisuals(android.support.customtabs.ICustomTabsCallback,android.os.Bundle)
    public abstract boolean requestPostMessageChannel(android.support.customtabs.ICustomTabsCallback,android.net.Uri)
    public abstract boolean requestPostMessageChannelWithExtras(android.support.customtabs.ICustomTabsCallback,android.net.Uri,android.os.Bundle)
    public abstract int postMessage(android.support.customtabs.ICustomTabsCallback,java.lang.String,android.os.Bundle)
androidx.core.content.SharedPreferencesCompat
androidx.browser.trusted.TrustedWebActivityCallback
androidx.core.content.res.FontResourcesParserCompat$FetchStrategy
androidx.core.content.IntentCompat
androidx.annotation.InspectableProperty$EnumEntry
androidx.core.view.GestureDetectorCompat$GestureDetectorCompatImpl
com.google.androidbrowserhelper.trusted.TwaProviderPicker$LaunchMode
androidx.core.database.CursorWindowCompat
androidx.core.hardware.fingerprint.FingerprintManagerCompat
androidx.annotation.LongDef
androidx.core.app.ActivityRecreator$2
androidx.concurrent.futures.AbstractResolvableFuture$Failure$1